[DEBUG] Read line: 'hello world from stdin'
[DEBUG] Cleaned: 'hello_world_from_stdin' from 'hello world from stdin'
[DEBUG] Read line: 'hello@world#from$stdin'
[DEBUG] Cleaned: 'hello_world_from_stdin' from 'hello@world#from$stdin'
[DEBUG] Read line: '.hidden file.txt'
[DEBUG] Skipped hidden file: '.hidden file.txt'
[DEBUG] Read line: '.hidden file.txt'
[DEBUG] Cleaned: '.hidden_file.txt' from '.hidden file.txt'
[DEBUG] Read line: '.hidde'
[DEBUG] Skipped hidden file: '.hidde'
[DEBUG] Read line: '.txt'
[DEBUG] Skipped hidden file: '.txt'
[DEBUG] Read line: ''
[DEBUG] Cleaned: '' from ''
[DEBUG] Read line: ''
[DEBUG] Cleaned: '' from ''
[DEBUG] Read line: 'ormal.txt'
[DEBUG] Cleaned: 'ormal.txt' from 'ormal.txt'
[DEBUG] Read line: '.hidde'
[DEBUG] Cleaned: '.hidde' from '.hidde'
[DEBUG] Read line: '.txt'
[DEBUG] Cleaned: '.txt' from '.txt'
[DEBUG] Read line: ''
[DEBUG] Cleaned: '' from ''
[DEBUG] Read line: ''
[DEBUG] Cleaned: '' from ''
[DEBUG] Read line: 'ormal.txt'
[DEBUG] Cleaned: 'ormal.txt' from 'ormal.txt'
